<?xml version="1.0" encoding="UTF-8"?>
<!-- Generated by org.testng.reporters.JUnitReportReporter -->
<testsuite hostname="RININ119" failures="0" tests="1" name="demo.products.AppTest" time="0.068" errors="0" timestamp="2022-06-17T15:38:50 IST" skipped="0">
  <testcase classname="demo.products.AppTest" name="shouldAnswerWithTrue" time="0.068"/>
  <system-out/>
</testsuite> <!-- demo.products.AppTest -->
