<?xml version="1.0" encoding="UTF-8"?>
<!-- Generated by org.testng.reporters.JUnitReportReporter -->
<testsuite hostname="RININ119" failures="0" tests="3" name="TestNG.testng" time="21.849" errors="0" timestamp="2022-07-30T09:52:54 IST" skipped="0">
  <testcase classname="TestNG.testng" name="TestCase1" time="7.280"/>
  <system-out/>
  <testcase classname="TestNG.testng" name="TestCase1" time="7.259"/>
  <system-out/>
  <testcase classname="TestNG.testng" name="TestCase1" time="7.310"/>
  <system-out/>
</testsuite> <!-- TestNG.testng -->
