<?xml version="1.0" encoding="UTF-8"?>
<!-- Generated by org.testng.reporters.JUnitReportReporter -->
<testsuite hostname="RININ119" failures="0" tests="1" name="Tests.TC04_editProduct" time="1.914" errors="0" timestamp="2022-07-28T18:14:26 IST" skipped="0">
  <testcase classname="Tests.TC04_editProduct" name="editProduct" time="1.914"/>
  <system-out/>
</testsuite> <!-- Tests.TC04_editProduct -->
