<?xml version="1.0" encoding="UTF-8"?>
<!-- Generated by org.testng.reporters.JUnitReportReporter -->
<testsuite hostname="RININ119" failures="0" tests="1" name="Tests.TC01_GETProducts" time="1.401" errors="0" timestamp="2022-07-28T19:20:56 IST" skipped="0">
  <testcase classname="Tests.TC01_GETProducts" name="getProductlist" time="1.401"/>
  <system-out/>
</testsuite> <!-- Tests.TC01_GETProducts -->
