<?xml version="1.0" encoding="UTF-8"?>
<!-- Generated by org.testng.reporters.JUnitReportReporter -->
<testsuite hostname="RININ119" failures="0" tests="1" name="Tests.TC03_deleteProduct" time="2.226" errors="0" timestamp="2022-07-28T18:24:12 IST" skipped="0">
  <testcase classname="Tests.TC03_deleteProduct" name="deleteProduct" time="2.226"/>
  <system-out/>
</testsuite> <!-- Tests.TC03_deleteProduct -->
