<?xml version="1.0" encoding="UTF-8"?>
<!-- Generated by org.testng.reporters.JUnitReportReporter -->
<testsuite hostname="RININ119" failures="0" tests="1" name="Tests.TC02_POST_request" time="2.239" errors="0" timestamp="2022-07-28T19:22:29 IST" skipped="0">
  <testcase classname="Tests.TC02_POST_request" name="createProductlist" time="2.239"/>
  <system-out/>
</testsuite> <!-- Tests.TC02_POST_request -->
